[debug] [2024-05-12T17:35:11.768Z] ----------------------------------------------------------------------
[debug] [2024-05-12T17:35:11.769Z] Command:       /usr/local/bin/node /usr/local/bin/firebase init
[debug] [2024-05-12T17:35:11.769Z] CLI Version:   13.8.3
[debug] [2024-05-12T17:35:11.769Z] Platform:      darwin
[debug] [2024-05-12T17:35:11.769Z] Node Version:  v20.11.0
[debug] [2024-05-12T17:35:11.770Z] Time:          Sun May 12 2024 10:35:11 GMT-0700 (Pacific Daylight Time)
[debug] [2024-05-12T17:35:11.770Z] ----------------------------------------------------------------------
[debug] 
[debug] [2024-05-12T17:35:11.771Z] > command requires scopes: ["email","openid","https://www.googleapis.com/auth/cloudplatformprojects.readonly","https://www.googleapis.com/auth/firebase","https://www.googleapis.com/auth/cloud-platform"]
[debug] [2024-05-12T17:35:11.771Z] > authorizing via signed-in user (rishit56700@gmail.com)
[info] 
     ######## #### ########  ######## ########     ###     ######  ########
     ##        ##  ##     ## ##       ##     ##  ##   ##  ##       ##
     ######    ##  ########  ######   ########  #########  ######  ######
     ##        ##  ##    ##  ##       ##     ## ##     ##       ## ##
     ##       #### ##     ## ######## ########  ##     ##  ######  ########

You're about to initialize a Firebase project in this directory:

  /Users/rishitgupta/fresh-produce

[info] 
=== Project Setup
[info] 
[info] First, let's associate this project directory with a Firebase project.
[info] You can create multiple project aliases by running firebase use --add, 
[info] but for now we'll just set up a default project.
[info] 
[info] i  If you want to create a project in a Google Cloud organization or folder, please use "firebase projects:create" instead, and return to this command when you've created the project. 
[debug] [2024-05-12T17:35:45.355Z] >>> [apiv2][query] POST https://cloudresourcemanager.googleapis.com/v1/projects [none]
[debug] [2024-05-12T17:35:45.356Z] >>> [apiv2][body] POST https://cloudresourcemanager.googleapis.com/v1/projects {"projectId":"freshy","name":"fresh"}
[debug] [2024-05-12T17:35:45.796Z] <<< [apiv2][status] POST https://cloudresourcemanager.googleapis.com/v1/projects 409
[debug] [2024-05-12T17:35:45.796Z] <<< [apiv2][body] POST https://cloudresourcemanager.googleapis.com/v1/projects {"error":{"code":409,"message":"Requested entity already exists","status":"ALREADY_EXISTS"}}
[debug] [2024-05-12T17:35:45.994Z] FirebaseError: HTTP Error: 409, Requested entity already exists
    at responseToError (/usr/local/lib/node_modules/firebase-tools/lib/responseToError.js:49:12)
    at RetryOperation._fn (/usr/local/lib/node_modules/firebase-tools/lib/apiv2.js:305:77)
    at process.processTicksAndRejections (node:internal/process/task_queues:95:5)
[error] 
[error] Error: Failed to create project because there is already a project with ID freshy. Please try again with a unique project ID.
